::1 - - [28/Jul/2022:02:20:21 +0000] "GET /api/v1/categories HTTP/1.1" 200 109 "-" "PostmanRuntime/7.29.2"
::1 - - [28/Jul/2022:02:20:32 +0000] "POST /api/v1/categories HTTP/1.1" 200 68 "-" "PostmanRuntime/7.29.2"
::1 - - [28/Jul/2022:02:25:24 +0000] "POST /api/v1/categories HTTP/1.1" 200 68 "-" "PostmanRuntime/7.29.2"
::1 - - [28/Jul/2022:02:28:33 +0000] "POST /api/v1/categories HTTP/1.1" 200 68 "-" "PostmanRuntime/7.29.2"
::1 - - [28/Jul/2022:02:41:12 +0000] "POST /api/v1/categories HTTP/1.1" 200 200 "-" "PostmanRuntime/7.29.2"
::1 - - [28/Jul/2022:02:52:38 +0000] "GET /api/v1/categories HTTP/1.1" 200 202 "-" "PostmanRuntime/7.29.2"
::1 - - [28/Jul/2022:02:59:05 +0000] "GET /api/v1/categories/1 HTTP/1.1" 400 249 "-" "PostmanRuntime/7.29.2"
::1 - - [28/Jul/2022:02:59:32 +0000] "GET /api/v1/categories/62e1f7485263c667046e7f26 HTTP/1.1" 200 200 "-" "PostmanRuntime/7.29.2"
::1 - - [28/Jul/2022:03:00:20 +0000] "GET /api/v1/categories/62e1f7485263c667046e7f2a HTTP/1.1" 200 28 "-" "PostmanRuntime/7.29.2"
::1 - - [28/Jul/2022:03:04:31 +0000] "GET /api/v1/categories/62e1f7485263c667046e7f2a HTTP/1.1" 400 77 "-" "PostmanRuntime/7.29.2"
::1 - - [28/Jul/2022:03:04:45 +0000] "GET /api/v1/categories/62e1f7485263c667046e7f26 HTTP/1.1" 200 200 "-" "PostmanRuntime/7.29.2"
::1 - - [28/Jul/2022:03:09:41 +0000] "POST /api/v1/categories/ HTTP/1.1" 200 186 "-" "PostmanRuntime/7.29.2"
::1 - - [28/Jul/2022:03:09:48 +0000] "GET /api/v1/categories HTTP/1.1" 200 365 "-" "PostmanRuntime/7.29.2"
::1 - - [28/Jul/2022:03:12:44 +0000] "DELETE /api/v1/categories/62e1fdf58fb7b05f103d3175 HTTP/1.1" 200 186 "-" "PostmanRuntime/7.29.2"
::1 - - [28/Jul/2022:03:12:53 +0000] "GET /api/v1/categories/62e1fdf58fb7b05f103d3175 HTTP/1.1" 400 77 "-" "PostmanRuntime/7.29.2"
::1 - - [28/Jul/2022:03:13:02 +0000] "GET /api/v1/categories/ HTTP/1.1" 200 202 "-" "PostmanRuntime/7.29.2"
::1 - - [28/Jul/2022:03:13:08 +0000] "DELETE /api/v1/categories/62e1fdf58fb7b05f103d3175 HTTP/1.1" 400 77 "-" "PostmanRuntime/7.29.2"
::1 - - [28/Jul/2022:03:13:27 +0000] "GET /api/v1/categories/ HTTP/1.1" 200 202 "-" "PostmanRuntime/7.29.2"
::1 - - [28/Jul/2022:03:13:40 +0000] "PUT /api/v1/categories/62e1f7485263c667046e7f26 HTTP/1.1" 200 98 "-" "PostmanRuntime/7.29.2"
::1 - - [28/Jul/2022:03:21:15 +0000] "PUT /api/v1/categories/62e1f7485263c667046e7f26 HTTP/1.1" 200 210 "-" "PostmanRuntime/7.29.2"
::1 - - [28/Jul/2022:03:21:58 +0000] "PUT /api/v1/categories/62e1f7485263c667046e7f26 HTTP/1.1" 200 211 "-" "PostmanRuntime/7.29.2"
::1 - - [28/Jul/2022:03:23:03 +0000] "PUT /api/v1/categories/62e1f7485263c667046e7f26 HTTP/1.1" 400 762 "-" "PostmanRuntime/7.29.2"
::1 - - [28/Jul/2022:03:23:27 +0000] "PUT /api/v1/categories/62e1f7485263c667046e7f26 HTTP/1.1" 200 207 "-" "PostmanRuntime/7.29.2"
::1 - - [28/Jul/2022:03:24:13 +0000] "PUT /api/v1/categories/62e1f7485263c667046e7f26 HTTP/1.1" 200 201 "-" "PostmanRuntime/7.29.2"
::1 - - [28/Jul/2022:03:24:31 +0000] "GET /api/v1/categories/62e1f7485263c667046e7f26 HTTP/1.1" 200 201 "-" "PostmanRuntime/7.29.2"
::1 - - [28/Jul/2022:03:26:33 +0000] "POST /api/v1/categories/ HTTP/1.1" 200 188 "-" "PostmanRuntime/7.29.2"
::1 - - [28/Jul/2022:03:26:47 +0000] "GET /api/v1/categories/ HTTP/1.1" 200 368 "-" "PostmanRuntime/7.29.2"
::1 - - [28/Jul/2022:03:39:17 +0000] "GET /api/v1/categories/62e1f7485263c667046e7f26 HTTP/1.1" 200 201 "-" "PostmanRuntime/7.29.2"
::1 - - [28/Jul/2022:03:39:24 +0000] "GET /api/v1/categories/62e1f7485263c667046e7f20 HTTP/1.1" 400 77 "-" "PostmanRuntime/7.29.2"
::1 - - [28/Jul/2022:03:39:35 +0000] "GET /api/v1/categories/62e1f7485263c667046e7f2lll HTTP/1.1" 400 324 "-" "PostmanRuntime/7.29.2"
::1 - - [28/Jul/2022:03:41:14 +0000] "GET /api/v1/categories/62e1f7485263c667046e7f2lll HTTP/1.1" 400 324 "-" "PostmanRuntime/7.29.2"
::1 - - [28/Jul/2022:03:41:34 +0000] "GET /api/v1/categories/62e1f7485263c667046e7f22 HTTP/1.1" 400 77 "-" "PostmanRuntime/7.29.2"
::1 - - [28/Jul/2022:03:41:44 +0000] "GET /api/v1/categories/62e1f7485263c667046e7f2jhvkuvj, HTTP/1.1" 400 339 "-" "PostmanRuntime/7.29.2"
::1 - - [28/Jul/2022:03:42:13 +0000] "GET /api/v1/categories/62e1f7485263c667046e7f2jhvkuvj, HTTP/1.1" 400 339 "-" "PostmanRuntime/7.29.2"
::1 - - [28/Jul/2022:03:42:43 +0000] "GET /api/v1/categories/62e1f7485263c667046e7f2jhvkuvj, HTTP/1.1" 400 150 "-" "PostmanRuntime/7.29.2"
::1 - - [31/Jul/2022:21:15:55 +0000] "GET //api/v1/categories HTTP/1.1" 404 157 "-" "PostmanRuntime/7.29.2"
::1 - - [31/Jul/2022:21:16:12 +0000] "GET /api/v1/categories HTTP/1.1" 200 368 "-" "PostmanRuntime/7.29.2"
::1 - - [31/Jul/2022:21:17:35 +0000] "POST /api/v1/categories HTTP/1.1" 200 195 "-" "PostmanRuntime/7.29.2"
::1 - - [31/Jul/2022:21:17:40 +0000] "GET /api/v1/categories HTTP/1.1" 200 540 "-" "PostmanRuntime/7.29.2"
::1 - - [31/Jul/2022:21:18:09 +0000] "PUT /api/v1/categories/62e6f16f61ccc14584b57bf9 HTTP/1.1" 200 204 "-" "PostmanRuntime/7.29.2"
